2022-06-10 16:10:16 =CRASH REPORT====
  crasher:
    initial call: application_master:init/4
    pid: <0.302.0>
    registered_name: []
    exception exit: {{bad_return,{{'Elixir.ChatRabbitmq.Application',start,[normal,[]]},{'EXIT',{#{'__exception__' => true,'__struct__' => 'Elixir.ArgumentError',message => <<"The module ChatRabbitmq.SendMessage was given as a child to a supervisor but it does not exist.">>},[{'Elixir.Supervisor',init_child,1,[{file,"lib/supervisor.ex"},{line,631}]},{'Elixir.Enum','-map/2-lists^map/1-0-',2,[{file,"lib/enum.ex"},{line,1593}]},{'Elixir.Supervisor',init,2,[{file,"lib/supervisor.ex"},{line,617}]},{'Elixir.Supervisor',start_link,2,[{file,"lib/supervisor.ex"},{line,556}]},{application_master,start_it_old,4,[{file,"application_master.erl"},{line,293}]}]}}}},[{application_master,init,4,[{file,"application_master.erl"},{line,142}]},{proc_lib,init_p_do_apply,3,[{file,"proc_lib.erl"},{line,240}]}]}
    ancestors: [<0.301.0>]
    message_queue_len: 1
    messages: [{'EXIT',<0.303.0>,normal}]
    links: [<0.301.0>,<0.44.0>]
    dictionary: []
    trap_exit: true
    status: running
    heap_size: 376
    stack_size: 28
    reductions: 191
  neighbours:
2022-06-10 16:12:20 =CRASH REPORT====
  crasher:
    initial call: application_master:init/4
    pid: <0.300.0>
    registered_name: []
    exception exit: {{bad_return,{{'Elixir.ChatRabbitmq.Application',start,[normal,[]]},{'EXIT',{#{'__exception__' => true,'__struct__' => 'Elixir.ArgumentError',message => <<"The module ChatRabbitmq.Worker was given as a child to a supervisor but it does not exist.">>},[{'Elixir.Supervisor',init_child,1,[{file,"lib/supervisor.ex"},{line,631}]},{'Elixir.Enum','-map/2-lists^map/1-0-',2,[{file,"lib/enum.ex"},{line,1593}]},{'Elixir.Supervisor',init,2,[{file,"lib/supervisor.ex"},{line,617}]},{'Elixir.Supervisor',start_link,2,[{file,"lib/supervisor.ex"},{line,556}]},{application_master,start_it_old,4,[{file,"application_master.erl"},{line,293}]}]}}}},[{application_master,init,4,[{file,"application_master.erl"},{line,142}]},{proc_lib,init_p_do_apply,3,[{file,"proc_lib.erl"},{line,240}]}]}
    ancestors: [<0.299.0>]
    message_queue_len: 1
    messages: [{'EXIT',<0.301.0>,normal}]
    links: [<0.299.0>,<0.44.0>]
    dictionary: []
    trap_exit: true
    status: running
    heap_size: 610
    stack_size: 28
    reductions: 192
  neighbours:
2022-06-10 16:13:28 =CRASH REPORT====
  crasher:
    initial call: application_master:init/4
    pid: <0.290.0>
    registered_name: []
    exception exit: {{bad_return,{{'Elixir.ChatRabbitmq.Application',start,[normal,[]]},{'EXIT',{#{'__exception__' => true,'__struct__' => 'Elixir.ArgumentError',message => <<"The module ChatRabbitmq.Worker was given as a child to a supervisor but it does not exist.">>},[{'Elixir.Supervisor',init_child,1,[{file,"lib/supervisor.ex"},{line,631}]},{'Elixir.Enum','-map/2-lists^map/1-0-',2,[{file,"lib/enum.ex"},{line,1593}]},{'Elixir.Supervisor',init,2,[{file,"lib/supervisor.ex"},{line,617}]},{'Elixir.Supervisor',start_link,2,[{file,"lib/supervisor.ex"},{line,556}]},{application_master,start_it_old,4,[{file,"application_master.erl"},{line,293}]}]}}}},[{application_master,init,4,[{file,"application_master.erl"},{line,142}]},{proc_lib,init_p_do_apply,3,[{file,"proc_lib.erl"},{line,240}]}]}
    ancestors: [<0.289.0>]
    message_queue_len: 1
    messages: [{'EXIT',<0.291.0>,normal}]
    links: [<0.289.0>,<0.44.0>]
    dictionary: []
    trap_exit: true
    status: running
    heap_size: 376
    stack_size: 28
    reductions: 191
  neighbours:
2022-06-10 16:14:43 =CRASH REPORT====
  crasher:
    initial call: application_master:init/4
    pid: <0.300.0>
    registered_name: []
    exception exit: {{bad_return,{{'Elixir.ChatRabbitmq.Application',start,[normal,[]]},{'EXIT',{#{'__exception__' => true,'__struct__' => 'Elixir.ArgumentError',message => <<"The module ChatRabbitmq.Worker was given as a child to a supervisor but it does not exist.">>},[{'Elixir.Supervisor',init_child,1,[{file,"lib/supervisor.ex"},{line,631}]},{'Elixir.Enum','-map/2-lists^map/1-0-',2,[{file,"lib/enum.ex"},{line,1593}]},{'Elixir.Supervisor',init,2,[{file,"lib/supervisor.ex"},{line,617}]},{'Elixir.Supervisor',start_link,2,[{file,"lib/supervisor.ex"},{line,556}]},{application_master,start_it_old,4,[{file,"application_master.erl"},{line,293}]}]}}}},[{application_master,init,4,[{file,"application_master.erl"},{line,142}]},{proc_lib,init_p_do_apply,3,[{file,"proc_lib.erl"},{line,240}]}]}
    ancestors: [<0.299.0>]
    message_queue_len: 1
    messages: [{'EXIT',<0.301.0>,normal}]
    links: [<0.299.0>,<0.44.0>]
    dictionary: []
    trap_exit: true
    status: running
    heap_size: 376
    stack_size: 28
    reductions: 191
  neighbours:
2022-06-10 16:15:35 =CRASH REPORT====
  crasher:
    initial call: application_master:init/4
    pid: <0.290.0>
    registered_name: []
    exception exit: {{bad_return,{{'Elixir.ChatRabbitmq.Application',start,[normal,[]]},{'EXIT',{#{'__exception__' => true,'__struct__' => 'Elixir.ArgumentError',message => <<"The module ChatRabbitmq.Worker was given as a child to a supervisor but it does not exist.">>},[{'Elixir.Supervisor',init_child,1,[{file,"lib/supervisor.ex"},{line,631}]},{'Elixir.Enum','-map/2-lists^map/1-0-',2,[{file,"lib/enum.ex"},{line,1593}]},{'Elixir.Supervisor',init,2,[{file,"lib/supervisor.ex"},{line,617}]},{'Elixir.Supervisor',start_link,2,[{file,"lib/supervisor.ex"},{line,556}]},{application_master,start_it_old,4,[{file,"application_master.erl"},{line,293}]}]}}}},[{application_master,init,4,[{file,"application_master.erl"},{line,142}]},{proc_lib,init_p_do_apply,3,[{file,"proc_lib.erl"},{line,240}]}]}
    ancestors: [<0.289.0>]
    message_queue_len: 1
    messages: [{'EXIT',<0.291.0>,normal}]
    links: [<0.289.0>,<0.44.0>]
    dictionary: []
    trap_exit: true
    status: running
    heap_size: 376
    stack_size: 28
    reductions: 191
  neighbours:
2022-06-10 16:16:59 =CRASH REPORT====
  crasher:
    initial call: application_master:init/4
    pid: <0.292.0>
    registered_name: []
    exception exit: {{bad_return,{{'Elixir.ChatRabbitmq.Application',start,[normal,[]]},{'EXIT',{#{'__exception__' => true,'__struct__' => 'Elixir.ArgumentError',message => <<"The module ChatRabbitmq.Worker was given as a child to a supervisor but it does not exist.">>},[{'Elixir.Supervisor',init_child,1,[{file,"lib/supervisor.ex"},{line,631}]},{'Elixir.Enum','-map/2-lists^map/1-0-',2,[{file,"lib/enum.ex"},{line,1593}]},{'Elixir.Supervisor',init,2,[{file,"lib/supervisor.ex"},{line,617}]},{'Elixir.Supervisor',start_link,2,[{file,"lib/supervisor.ex"},{line,556}]},{application_master,start_it_old,4,[{file,"application_master.erl"},{line,293}]}]}}}},[{application_master,init,4,[{file,"application_master.erl"},{line,142}]},{proc_lib,init_p_do_apply,3,[{file,"proc_lib.erl"},{line,240}]}]}
    ancestors: [<0.291.0>]
    message_queue_len: 1
    messages: [{'EXIT',<0.293.0>,normal}]
    links: [<0.291.0>,<0.44.0>]
    dictionary: []
    trap_exit: true
    status: running
    heap_size: 376
    stack_size: 28
    reductions: 191
  neighbours:
2022-06-10 16:17:09 =CRASH REPORT====
  crasher:
    initial call: application_master:init/4
    pid: <0.290.0>
    registered_name: []
    exception exit: {{bad_return,{{'Elixir.ChatRabbitmq.Application',start,[normal,[]]},{'EXIT',{#{'__exception__' => true,'__struct__' => 'Elixir.ArgumentError',message => <<"The module ChatRabbitmq.Worker was given as a child to a supervisor but it does not exist.">>},[{'Elixir.Supervisor',init_child,1,[{file,"lib/supervisor.ex"},{line,631}]},{'Elixir.Enum','-map/2-lists^map/1-0-',2,[{file,"lib/enum.ex"},{line,1593}]},{'Elixir.Supervisor',init,2,[{file,"lib/supervisor.ex"},{line,617}]},{'Elixir.Supervisor',start_link,2,[{file,"lib/supervisor.ex"},{line,556}]},{application_master,start_it_old,4,[{file,"application_master.erl"},{line,293}]}]}}}},[{application_master,init,4,[{file,"application_master.erl"},{line,142}]},{proc_lib,init_p_do_apply,3,[{file,"proc_lib.erl"},{line,240}]}]}
    ancestors: [<0.289.0>]
    message_queue_len: 1
    messages: [{'EXIT',<0.291.0>,normal}]
    links: [<0.289.0>,<0.44.0>]
    dictionary: []
    trap_exit: true
    status: running
    heap_size: 376
    stack_size: 28
    reductions: 191
  neighbours:
2022-06-10 16:18:06 =CRASH REPORT====
  crasher:
    initial call: application_master:init/4
    pid: <0.290.0>
    registered_name: []
    exception exit: {{bad_return,{{'Elixir.ChatRabbitmq.Application',start,[normal,[]]},{'EXIT',{#{'__exception__' => true,'__struct__' => 'Elixir.ArgumentError',message => <<"The module ChatRabbitmq.Worker was given as a child to a supervisor but it does not exist.">>},[{'Elixir.Supervisor',init_child,1,[{file,"lib/supervisor.ex"},{line,631}]},{'Elixir.Enum','-map/2-lists^map/1-0-',2,[{file,"lib/enum.ex"},{line,1593}]},{'Elixir.Supervisor',init,2,[{file,"lib/supervisor.ex"},{line,617}]},{'Elixir.Supervisor',start_link,2,[{file,"lib/supervisor.ex"},{line,556}]},{application_master,start_it_old,4,[{file,"application_master.erl"},{line,293}]}]}}}},[{application_master,init,4,[{file,"application_master.erl"},{line,142}]},{proc_lib,init_p_do_apply,3,[{file,"proc_lib.erl"},{line,240}]}]}
    ancestors: [<0.289.0>]
    message_queue_len: 1
    messages: [{'EXIT',<0.291.0>,normal}]
    links: [<0.289.0>,<0.44.0>]
    dictionary: []
    trap_exit: true
    status: running
    heap_size: 376
    stack_size: 28
    reductions: 191
  neighbours:
2022-06-10 16:43:14 =ERROR REPORT====
** Generic server worker terminating 
** Last message in was {'$gen_cast',{break}}
** When Server state == nil
** Reason for termination ==
** {#{'__exception__' => true,'__struct__' => 'Elixir.RuntimeError',message => <<"Informe um nome válido!!">>},[{'Elixir.ChatRabbitmq.Worker',handle_cast,2,[{file,"lib/chat_rabbitmq/worker.ex"},{line,24},{error_info,#{module => 'Elixir.Exception'}}]},{gen_server,try_dispatch,4,[{file,"gen_server.erl"},{line,1120}]},{gen_server,handle_msg,6,[{file,"gen_server.erl"},{line,1197}]},{proc_lib,init_p_do_apply,3,[{file,"proc_lib.erl"},{line,240}]}]}
2022-06-10 16:43:14 =CRASH REPORT====
  crasher:
    initial call: Elixir.ChatRabbitmq.Worker:init/1
    pid: <0.304.0>
    registered_name: worker
    exception error: {#{'__exception__' => true,'__struct__' => 'Elixir.RuntimeError',message => <<"Informe um nome válido!!">>},[{'Elixir.ChatRabbitmq.Worker',handle_cast,2,[{file,"lib/chat_rabbitmq/worker.ex"},{line,24},{error_info,#{module => 'Elixir.Exception'}}]},{gen_server,try_dispatch,4,[{file,"gen_server.erl"},{line,1120}]},{gen_server,handle_msg,6,[{file,"gen_server.erl"},{line,1197}]},{proc_lib,init_p_do_apply,3,[{file,"proc_lib.erl"},{line,240}]}]}
    ancestors: ['Elixir.ChatRabbitmq.Supervisor',<0.302.0>]
    message_queue_len: 0
    messages: []
    links: [<0.303.0>]
    dictionary: []
    trap_exit: false
    status: running
    heap_size: 10958
    stack_size: 28
    reductions: 3240
  neighbours:
2022-06-10 16:43:14 =SUPERVISOR REPORT====
     Supervisor: {local,'Elixir.ChatRabbitmq.Supervisor'}
     Context:    child_terminated
     Reason:     {#{'__exception__' => true,'__struct__' => 'Elixir.RuntimeError',message => <<"Informe um nome válido!!">>},[{'Elixir.ChatRabbitmq.Worker',handle_cast,2,[{file,"lib/chat_rabbitmq/worker.ex"},{line,24},{error_info,#{module => 'Elixir.Exception'}}]},{gen_server,try_dispatch,4,[{file,"gen_server.erl"},{line,1120}]},{gen_server,handle_msg,6,[{file,"gen_server.erl"},{line,1197}]},{proc_lib,init_p_do_apply,3,[{file,"proc_lib.erl"},{line,240}]}]}
     Offender:   [{pid,<0.304.0>},{id,'Elixir.ChatRabbitmq.Worker'},{mfargs,{'Elixir.ChatRabbitmq.Worker',start_link,[nil]}},{restart_type,permanent},{significant,false},{shutdown,5000},{child_type,worker}]

2022-06-10 16:45:56 =ERROR REPORT====
** Generic server worker terminating 
** Last message in was {'$gen_cast',{break}}
** When Server state == nil
** Reason for termination ==
** {#{'__exception__' => true,'__struct__' => 'Elixir.RuntimeError',message => <<"Informe um valor válido!!">>},[{'Elixir.ChatRabbitmq.Worker',handle_cast,2,[{file,"lib/chat_rabbitmq/worker.ex"},{line,19},{error_info,#{module => 'Elixir.Exception'}}]},{gen_server,try_dispatch,4,[{file,"gen_server.erl"},{line,1120}]},{gen_server,handle_msg,6,[{file,"gen_server.erl"},{line,1197}]},{proc_lib,init_p_do_apply,3,[{file,"proc_lib.erl"},{line,240}]}]}
2022-06-10 16:45:56 =CRASH REPORT====
  crasher:
    initial call: Elixir.ChatRabbitmq.Worker:init/1
    pid: <0.304.0>
    registered_name: worker
    exception error: {#{'__exception__' => true,'__struct__' => 'Elixir.RuntimeError',message => <<"Informe um valor válido!!">>},[{'Elixir.ChatRabbitmq.Worker',handle_cast,2,[{file,"lib/chat_rabbitmq/worker.ex"},{line,19},{error_info,#{module => 'Elixir.Exception'}}]},{gen_server,try_dispatch,4,[{file,"gen_server.erl"},{line,1120}]},{gen_server,handle_msg,6,[{file,"gen_server.erl"},{line,1197}]},{proc_lib,init_p_do_apply,3,[{file,"proc_lib.erl"},{line,240}]}]}
    ancestors: ['Elixir.ChatRabbitmq.Supervisor',<0.302.0>]
    message_queue_len: 0
    messages: []
    links: [<0.303.0>]
    dictionary: []
    trap_exit: false
    status: running
    heap_size: 10958
    stack_size: 28
    reductions: 3254
  neighbours:
2022-06-10 16:45:56 =SUPERVISOR REPORT====
     Supervisor: {local,'Elixir.ChatRabbitmq.Supervisor'}
     Context:    child_terminated
     Reason:     {#{'__exception__' => true,'__struct__' => 'Elixir.RuntimeError',message => <<"Informe um valor válido!!">>},[{'Elixir.ChatRabbitmq.Worker',handle_cast,2,[{file,"lib/chat_rabbitmq/worker.ex"},{line,19},{error_info,#{module => 'Elixir.Exception'}}]},{gen_server,try_dispatch,4,[{file,"gen_server.erl"},{line,1120}]},{gen_server,handle_msg,6,[{file,"gen_server.erl"},{line,1197}]},{proc_lib,init_p_do_apply,3,[{file,"proc_lib.erl"},{line,240}]}]}
     Offender:   [{pid,<0.304.0>},{id,'Elixir.ChatRabbitmq.Worker'},{mfargs,{'Elixir.ChatRabbitmq.Worker',start_link,[nil]}},{restart_type,permanent},{significant,false},{shutdown,5000},{child_type,worker}]

2022-06-10 16:45:59 =ERROR REPORT====
** Generic server worker terminating 
** Last message in was {'$gen_cast',{break}}
** When Server state == nil
** Reason for termination ==
** {#{'__exception__' => true,'__struct__' => 'Elixir.RuntimeError',message => <<"Informe um valor válido!!">>},[{'Elixir.ChatRabbitmq.Worker',handle_cast,2,[{file,"lib/chat_rabbitmq/worker.ex"},{line,19},{error_info,#{module => 'Elixir.Exception'}}]},{gen_server,try_dispatch,4,[{file,"gen_server.erl"},{line,1120}]},{gen_server,handle_msg,6,[{file,"gen_server.erl"},{line,1197}]},{proc_lib,init_p_do_apply,3,[{file,"proc_lib.erl"},{line,240}]}]}
2022-06-10 16:45:59 =CRASH REPORT====
  crasher:
    initial call: Elixir.ChatRabbitmq.Worker:init/1
    pid: <0.322.0>
    registered_name: worker
    exception error: {#{'__exception__' => true,'__struct__' => 'Elixir.RuntimeError',message => <<"Informe um valor válido!!">>},[{'Elixir.ChatRabbitmq.Worker',handle_cast,2,[{file,"lib/chat_rabbitmq/worker.ex"},{line,19},{error_info,#{module => 'Elixir.Exception'}}]},{gen_server,try_dispatch,4,[{file,"gen_server.erl"},{line,1120}]},{gen_server,handle_msg,6,[{file,"gen_server.erl"},{line,1197}]},{proc_lib,init_p_do_apply,3,[{file,"proc_lib.erl"},{line,240}]}]}
    ancestors: ['Elixir.ChatRabbitmq.Supervisor',<0.302.0>]
    message_queue_len: 0
    messages: []
    links: [<0.303.0>]
    dictionary: []
    trap_exit: false
    status: running
    heap_size: 10958
    stack_size: 28
    reductions: 3172
  neighbours:
2022-06-10 16:45:59 =SUPERVISOR REPORT====
     Supervisor: {local,'Elixir.ChatRabbitmq.Supervisor'}
     Context:    child_terminated
     Reason:     {#{'__exception__' => true,'__struct__' => 'Elixir.RuntimeError',message => <<"Informe um valor válido!!">>},[{'Elixir.ChatRabbitmq.Worker',handle_cast,2,[{file,"lib/chat_rabbitmq/worker.ex"},{line,19},{error_info,#{module => 'Elixir.Exception'}}]},{gen_server,try_dispatch,4,[{file,"gen_server.erl"},{line,1120}]},{gen_server,handle_msg,6,[{file,"gen_server.erl"},{line,1197}]},{proc_lib,init_p_do_apply,3,[{file,"proc_lib.erl"},{line,240}]}]}
     Offender:   [{pid,<0.322.0>},{id,'Elixir.ChatRabbitmq.Worker'},{mfargs,{'Elixir.ChatRabbitmq.Worker',start_link,[nil]}},{restart_type,permanent},{significant,false},{shutdown,5000},{child_type,worker}]

2022-06-10 16:46:01 =ERROR REPORT====
** Generic server worker terminating 
** Last message in was {'$gen_cast',{break}}
** When Server state == nil
** Reason for termination ==
** {#{'__exception__' => true,'__struct__' => 'Elixir.RuntimeError',message => <<"Informe um valor válido!!">>},[{'Elixir.ChatRabbitmq.Worker',handle_cast,2,[{file,"lib/chat_rabbitmq/worker.ex"},{line,19},{error_info,#{module => 'Elixir.Exception'}}]},{gen_server,try_dispatch,4,[{file,"gen_server.erl"},{line,1120}]},{gen_server,handle_msg,6,[{file,"gen_server.erl"},{line,1197}]},{proc_lib,init_p_do_apply,3,[{file,"proc_lib.erl"},{line,240}]}]}
2022-06-10 16:46:01 =CRASH REPORT====
  crasher:
    initial call: Elixir.ChatRabbitmq.Worker:init/1
    pid: <0.336.0>
    registered_name: worker
    exception error: {#{'__exception__' => true,'__struct__' => 'Elixir.RuntimeError',message => <<"Informe um valor válido!!">>},[{'Elixir.ChatRabbitmq.Worker',handle_cast,2,[{file,"lib/chat_rabbitmq/worker.ex"},{line,19},{error_info,#{module => 'Elixir.Exception'}}]},{gen_server,try_dispatch,4,[{file,"gen_server.erl"},{line,1120}]},{gen_server,handle_msg,6,[{file,"gen_server.erl"},{line,1197}]},{proc_lib,init_p_do_apply,3,[{file,"proc_lib.erl"},{line,240}]}]}
    ancestors: ['Elixir.ChatRabbitmq.Supervisor',<0.302.0>]
    message_queue_len: 0
    messages: []
    links: [<0.303.0>]
    dictionary: []
    trap_exit: false
    status: running
    heap_size: 10958
    stack_size: 28
    reductions: 3172
  neighbours:
2022-06-10 16:46:01 =SUPERVISOR REPORT====
     Supervisor: {local,'Elixir.ChatRabbitmq.Supervisor'}
     Context:    child_terminated
     Reason:     {#{'__exception__' => true,'__struct__' => 'Elixir.RuntimeError',message => <<"Informe um valor válido!!">>},[{'Elixir.ChatRabbitmq.Worker',handle_cast,2,[{file,"lib/chat_rabbitmq/worker.ex"},{line,19},{error_info,#{module => 'Elixir.Exception'}}]},{gen_server,try_dispatch,4,[{file,"gen_server.erl"},{line,1120}]},{gen_server,handle_msg,6,[{file,"gen_server.erl"},{line,1197}]},{proc_lib,init_p_do_apply,3,[{file,"proc_lib.erl"},{line,240}]}]}
     Offender:   [{pid,<0.336.0>},{id,'Elixir.ChatRabbitmq.Worker'},{mfargs,{'Elixir.ChatRabbitmq.Worker',start_link,[nil]}},{restart_type,permanent},{significant,false},{shutdown,5000},{child_type,worker}]

2022-06-10 16:46:02 =ERROR REPORT====
** Generic server worker terminating 
** Last message in was {'$gen_cast',{break}}
** When Server state == nil
** Reason for termination ==
** {#{'__exception__' => true,'__struct__' => 'Elixir.RuntimeError',message => <<"Informe um valor válido!!">>},[{'Elixir.ChatRabbitmq.Worker',handle_cast,2,[{file,"lib/chat_rabbitmq/worker.ex"},{line,19},{error_info,#{module => 'Elixir.Exception'}}]},{gen_server,try_dispatch,4,[{file,"gen_server.erl"},{line,1120}]},{gen_server,handle_msg,6,[{file,"gen_server.erl"},{line,1197}]},{proc_lib,init_p_do_apply,3,[{file,"proc_lib.erl"},{line,240}]}]}
2022-06-10 16:46:02 =CRASH REPORT====
  crasher:
    initial call: Elixir.ChatRabbitmq.Worker:init/1
    pid: <0.350.0>
    registered_name: worker
    exception error: {#{'__exception__' => true,'__struct__' => 'Elixir.RuntimeError',message => <<"Informe um valor válido!!">>},[{'Elixir.ChatRabbitmq.Worker',handle_cast,2,[{file,"lib/chat_rabbitmq/worker.ex"},{line,19},{error_info,#{module => 'Elixir.Exception'}}]},{gen_server,try_dispatch,4,[{file,"gen_server.erl"},{line,1120}]},{gen_server,handle_msg,6,[{file,"gen_server.erl"},{line,1197}]},{proc_lib,init_p_do_apply,3,[{file,"proc_lib.erl"},{line,240}]}]}
    ancestors: ['Elixir.ChatRabbitmq.Supervisor',<0.302.0>]
    message_queue_len: 0
    messages: []
    links: [<0.303.0>]
    dictionary: []
    trap_exit: false
    status: running
    heap_size: 10958
    stack_size: 28
    reductions: 3172
  neighbours:
2022-06-10 16:46:02 =SUPERVISOR REPORT====
     Supervisor: {local,'Elixir.ChatRabbitmq.Supervisor'}
     Context:    child_terminated
     Reason:     {#{'__exception__' => true,'__struct__' => 'Elixir.RuntimeError',message => <<"Informe um valor válido!!">>},[{'Elixir.ChatRabbitmq.Worker',handle_cast,2,[{file,"lib/chat_rabbitmq/worker.ex"},{line,19},{error_info,#{module => 'Elixir.Exception'}}]},{gen_server,try_dispatch,4,[{file,"gen_server.erl"},{line,1120}]},{gen_server,handle_msg,6,[{file,"gen_server.erl"},{line,1197}]},{proc_lib,init_p_do_apply,3,[{file,"proc_lib.erl"},{line,240}]}]}
     Offender:   [{pid,<0.350.0>},{id,'Elixir.ChatRabbitmq.Worker'},{mfargs,{'Elixir.ChatRabbitmq.Worker',start_link,[nil]}},{restart_type,permanent},{significant,false},{shutdown,5000},{child_type,worker}]

2022-06-10 16:46:04 =ERROR REPORT====
** Generic server worker terminating 
** Last message in was {'$gen_cast',{break}}
** When Server state == nil
** Reason for termination ==
** {#{'__exception__' => true,'__struct__' => 'Elixir.RuntimeError',message => <<"Informe um valor válido!!">>},[{'Elixir.ChatRabbitmq.Worker',handle_cast,2,[{file,"lib/chat_rabbitmq/worker.ex"},{line,19},{error_info,#{module => 'Elixir.Exception'}}]},{gen_server,try_dispatch,4,[{file,"gen_server.erl"},{line,1120}]},{gen_server,handle_msg,6,[{file,"gen_server.erl"},{line,1197}]},{proc_lib,init_p_do_apply,3,[{file,"proc_lib.erl"},{line,240}]}]}
2022-06-10 16:46:04 =CRASH REPORT====
  crasher:
    initial call: Elixir.ChatRabbitmq.Worker:init/1
    pid: <0.364.0>
    registered_name: worker
    exception error: {#{'__exception__' => true,'__struct__' => 'Elixir.RuntimeError',message => <<"Informe um valor válido!!">>},[{'Elixir.ChatRabbitmq.Worker',handle_cast,2,[{file,"lib/chat_rabbitmq/worker.ex"},{line,19},{error_info,#{module => 'Elixir.Exception'}}]},{gen_server,try_dispatch,4,[{file,"gen_server.erl"},{line,1120}]},{gen_server,handle_msg,6,[{file,"gen_server.erl"},{line,1197}]},{proc_lib,init_p_do_apply,3,[{file,"proc_lib.erl"},{line,240}]}]}
    ancestors: ['Elixir.ChatRabbitmq.Supervisor',<0.302.0>]
    message_queue_len: 0
    messages: []
    links: [<0.303.0>]
    dictionary: []
    trap_exit: false
    status: running
    heap_size: 10958
    stack_size: 28
    reductions: 3172
  neighbours:
2022-06-10 16:46:04 =SUPERVISOR REPORT====
     Supervisor: {local,'Elixir.ChatRabbitmq.Supervisor'}
     Context:    child_terminated
     Reason:     {#{'__exception__' => true,'__struct__' => 'Elixir.RuntimeError',message => <<"Informe um valor válido!!">>},[{'Elixir.ChatRabbitmq.Worker',handle_cast,2,[{file,"lib/chat_rabbitmq/worker.ex"},{line,19},{error_info,#{module => 'Elixir.Exception'}}]},{gen_server,try_dispatch,4,[{file,"gen_server.erl"},{line,1120}]},{gen_server,handle_msg,6,[{file,"gen_server.erl"},{line,1197}]},{proc_lib,init_p_do_apply,3,[{file,"proc_lib.erl"},{line,240}]}]}
     Offender:   [{pid,<0.364.0>},{id,'Elixir.ChatRabbitmq.Worker'},{mfargs,{'Elixir.ChatRabbitmq.Worker',start_link,[nil]}},{restart_type,permanent},{significant,false},{shutdown,5000},{child_type,worker}]

2022-06-10 16:46:04 =SUPERVISOR REPORT====
     Supervisor: {local,'Elixir.ChatRabbitmq.Supervisor'}
     Context:    shutdown
     Reason:     reached_max_restart_intensity
     Offender:   [{pid,<0.364.0>},{id,'Elixir.ChatRabbitmq.Worker'},{mfargs,{'Elixir.ChatRabbitmq.Worker',start_link,[nil]}},{restart_type,permanent},{significant,false},{shutdown,5000},{child_type,worker}]

2022-06-10 16:46:29 =ERROR REPORT====
** Generic server worker terminating 
** Last message in was {'$gen_cast',{break}}
** When Server state == nil
** Reason for termination ==
** {#{'__exception__' => true,'__struct__' => 'Elixir.RuntimeError',message => <<"Informe um valor válido!!">>},[{'Elixir.ChatRabbitmq.Worker',handle_cast,2,[{file,"lib/chat_rabbitmq/worker.ex"},{line,19},{error_info,#{module => 'Elixir.Exception'}}]},{gen_server,try_dispatch,4,[{file,"gen_server.erl"},{line,1120}]},{gen_server,handle_msg,6,[{file,"gen_server.erl"},{line,1197}]},{proc_lib,init_p_do_apply,3,[{file,"proc_lib.erl"},{line,240}]}]}
2022-06-10 16:46:29 =CRASH REPORT====
  crasher:
    initial call: Elixir.ChatRabbitmq.Worker:init/1
    pid: <0.304.0>
    registered_name: worker
    exception error: {#{'__exception__' => true,'__struct__' => 'Elixir.RuntimeError',message => <<"Informe um valor válido!!">>},[{'Elixir.ChatRabbitmq.Worker',handle_cast,2,[{file,"lib/chat_rabbitmq/worker.ex"},{line,19},{error_info,#{module => 'Elixir.Exception'}}]},{gen_server,try_dispatch,4,[{file,"gen_server.erl"},{line,1120}]},{gen_server,handle_msg,6,[{file,"gen_server.erl"},{line,1197}]},{proc_lib,init_p_do_apply,3,[{file,"proc_lib.erl"},{line,240}]}]}
    ancestors: ['Elixir.ChatRabbitmq.Supervisor',<0.302.0>]
    message_queue_len: 0
    messages: []
    links: [<0.303.0>]
    dictionary: []
    trap_exit: false
    status: running
    heap_size: 10958
    stack_size: 28
    reductions: 3214
  neighbours:
2022-06-10 16:46:29 =SUPERVISOR REPORT====
     Supervisor: {local,'Elixir.ChatRabbitmq.Supervisor'}
     Context:    child_terminated
     Reason:     {#{'__exception__' => true,'__struct__' => 'Elixir.RuntimeError',message => <<"Informe um valor válido!!">>},[{'Elixir.ChatRabbitmq.Worker',handle_cast,2,[{file,"lib/chat_rabbitmq/worker.ex"},{line,19},{error_info,#{module => 'Elixir.Exception'}}]},{gen_server,try_dispatch,4,[{file,"gen_server.erl"},{line,1120}]},{gen_server,handle_msg,6,[{file,"gen_server.erl"},{line,1197}]},{proc_lib,init_p_do_apply,3,[{file,"proc_lib.erl"},{line,240}]}]}
     Offender:   [{pid,<0.304.0>},{id,'Elixir.ChatRabbitmq.Worker'},{mfargs,{'Elixir.ChatRabbitmq.Worker',start_link,[nil]}},{restart_type,permanent},{significant,false},{shutdown,5000},{child_type,worker}]

2022-06-10 16:46:31 =ERROR REPORT====
** Generic server worker terminating 
** Last message in was {'$gen_cast',{break}}
** When Server state == nil
** Reason for termination ==
** {#{'__exception__' => true,'__struct__' => 'Elixir.RuntimeError',message => <<"Informe um valor válido!!">>},[{'Elixir.ChatRabbitmq.Worker',handle_cast,2,[{file,"lib/chat_rabbitmq/worker.ex"},{line,19},{error_info,#{module => 'Elixir.Exception'}}]},{gen_server,try_dispatch,4,[{file,"gen_server.erl"},{line,1120}]},{gen_server,handle_msg,6,[{file,"gen_server.erl"},{line,1197}]},{proc_lib,init_p_do_apply,3,[{file,"proc_lib.erl"},{line,240}]}]}
2022-06-10 16:46:31 =CRASH REPORT====
  crasher:
    initial call: Elixir.ChatRabbitmq.Worker:init/1
    pid: <0.322.0>
    registered_name: worker
    exception error: {#{'__exception__' => true,'__struct__' => 'Elixir.RuntimeError',message => <<"Informe um valor válido!!">>},[{'Elixir.ChatRabbitmq.Worker',handle_cast,2,[{file,"lib/chat_rabbitmq/worker.ex"},{line,19},{error_info,#{module => 'Elixir.Exception'}}]},{gen_server,try_dispatch,4,[{file,"gen_server.erl"},{line,1120}]},{gen_server,handle_msg,6,[{file,"gen_server.erl"},{line,1197}]},{proc_lib,init_p_do_apply,3,[{file,"proc_lib.erl"},{line,240}]}]}
    ancestors: ['Elixir.ChatRabbitmq.Supervisor',<0.302.0>]
    message_queue_len: 0
    messages: []
    links: [<0.303.0>]
    dictionary: []
    trap_exit: false
    status: running
    heap_size: 10958
    stack_size: 28
    reductions: 3132
  neighbours:
2022-06-10 16:46:31 =SUPERVISOR REPORT====
     Supervisor: {local,'Elixir.ChatRabbitmq.Supervisor'}
     Context:    child_terminated
     Reason:     {#{'__exception__' => true,'__struct__' => 'Elixir.RuntimeError',message => <<"Informe um valor válido!!">>},[{'Elixir.ChatRabbitmq.Worker',handle_cast,2,[{file,"lib/chat_rabbitmq/worker.ex"},{line,19},{error_info,#{module => 'Elixir.Exception'}}]},{gen_server,try_dispatch,4,[{file,"gen_server.erl"},{line,1120}]},{gen_server,handle_msg,6,[{file,"gen_server.erl"},{line,1197}]},{proc_lib,init_p_do_apply,3,[{file,"proc_lib.erl"},{line,240}]}]}
     Offender:   [{pid,<0.322.0>},{id,'Elixir.ChatRabbitmq.Worker'},{mfargs,{'Elixir.ChatRabbitmq.Worker',start_link,[nil]}},{restart_type,permanent},{significant,false},{shutdown,5000},{child_type,worker}]

2022-06-10 16:46:36 =ERROR REPORT====
** Generic server worker terminating 
** Last message in was {'$gen_cast',{break}}
** When Server state == nil
** Reason for termination ==
** {#{'__exception__' => true,'__struct__' => 'Elixir.RuntimeError',message => <<"Informe um valor válido!!">>},[{'Elixir.ChatRabbitmq.Worker',handle_cast,2,[{file,"lib/chat_rabbitmq/worker.ex"},{line,19},{error_info,#{module => 'Elixir.Exception'}}]},{gen_server,try_dispatch,4,[{file,"gen_server.erl"},{line,1120}]},{gen_server,handle_msg,6,[{file,"gen_server.erl"},{line,1197}]},{proc_lib,init_p_do_apply,3,[{file,"proc_lib.erl"},{line,240}]}]}
2022-06-10 16:46:36 =CRASH REPORT====
  crasher:
    initial call: Elixir.ChatRabbitmq.Worker:init/1
    pid: <0.336.0>
    registered_name: worker
    exception error: {#{'__exception__' => true,'__struct__' => 'Elixir.RuntimeError',message => <<"Informe um valor válido!!">>},[{'Elixir.ChatRabbitmq.Worker',handle_cast,2,[{file,"lib/chat_rabbitmq/worker.ex"},{line,19},{error_info,#{module => 'Elixir.Exception'}}]},{gen_server,try_dispatch,4,[{file,"gen_server.erl"},{line,1120}]},{gen_server,handle_msg,6,[{file,"gen_server.erl"},{line,1197}]},{proc_lib,init_p_do_apply,3,[{file,"proc_lib.erl"},{line,240}]}]}
    ancestors: ['Elixir.ChatRabbitmq.Supervisor',<0.302.0>]
    message_queue_len: 0
    messages: []
    links: [<0.303.0>]
    dictionary: []
    trap_exit: false
    status: running
    heap_size: 10958
    stack_size: 28
    reductions: 3132
  neighbours:
2022-06-10 16:46:36 =SUPERVISOR REPORT====
     Supervisor: {local,'Elixir.ChatRabbitmq.Supervisor'}
     Context:    child_terminated
     Reason:     {#{'__exception__' => true,'__struct__' => 'Elixir.RuntimeError',message => <<"Informe um valor válido!!">>},[{'Elixir.ChatRabbitmq.Worker',handle_cast,2,[{file,"lib/chat_rabbitmq/worker.ex"},{line,19},{error_info,#{module => 'Elixir.Exception'}}]},{gen_server,try_dispatch,4,[{file,"gen_server.erl"},{line,1120}]},{gen_server,handle_msg,6,[{file,"gen_server.erl"},{line,1197}]},{proc_lib,init_p_do_apply,3,[{file,"proc_lib.erl"},{line,240}]}]}
     Offender:   [{pid,<0.336.0>},{id,'Elixir.ChatRabbitmq.Worker'},{mfargs,{'Elixir.ChatRabbitmq.Worker',start_link,[nil]}},{restart_type,permanent},{significant,false},{shutdown,5000},{child_type,worker}]

2022-06-10 16:46:38 =ERROR REPORT====
** Generic server worker terminating 
** Last message in was {'$gen_cast',{break}}
** When Server state == nil
** Reason for termination ==
** {#{'__exception__' => true,'__struct__' => 'Elixir.RuntimeError',message => <<"Informe um valor válido!!">>},[{'Elixir.ChatRabbitmq.Worker',handle_cast,2,[{file,"lib/chat_rabbitmq/worker.ex"},{line,19},{error_info,#{module => 'Elixir.Exception'}}]},{gen_server,try_dispatch,4,[{file,"gen_server.erl"},{line,1120}]},{gen_server,handle_msg,6,[{file,"gen_server.erl"},{line,1197}]},{proc_lib,init_p_do_apply,3,[{file,"proc_lib.erl"},{line,240}]}]}
2022-06-10 16:46:38 =CRASH REPORT====
  crasher:
    initial call: Elixir.ChatRabbitmq.Worker:init/1
    pid: <0.350.0>
    registered_name: worker
    exception error: {#{'__exception__' => true,'__struct__' => 'Elixir.RuntimeError',message => <<"Informe um valor válido!!">>},[{'Elixir.ChatRabbitmq.Worker',handle_cast,2,[{file,"lib/chat_rabbitmq/worker.ex"},{line,19},{error_info,#{module => 'Elixir.Exception'}}]},{gen_server,try_dispatch,4,[{file,"gen_server.erl"},{line,1120}]},{gen_server,handle_msg,6,[{file,"gen_server.erl"},{line,1197}]},{proc_lib,init_p_do_apply,3,[{file,"proc_lib.erl"},{line,240}]}]}
    ancestors: ['Elixir.ChatRabbitmq.Supervisor',<0.302.0>]
    message_queue_len: 0
    messages: []
    links: [<0.303.0>]
    dictionary: []
    trap_exit: false
    status: running
    heap_size: 10958
    stack_size: 28
    reductions: 3132
  neighbours:
2022-06-10 16:46:38 =SUPERVISOR REPORT====
     Supervisor: {local,'Elixir.ChatRabbitmq.Supervisor'}
     Context:    child_terminated
     Reason:     {#{'__exception__' => true,'__struct__' => 'Elixir.RuntimeError',message => <<"Informe um valor válido!!">>},[{'Elixir.ChatRabbitmq.Worker',handle_cast,2,[{file,"lib/chat_rabbitmq/worker.ex"},{line,19},{error_info,#{module => 'Elixir.Exception'}}]},{gen_server,try_dispatch,4,[{file,"gen_server.erl"},{line,1120}]},{gen_server,handle_msg,6,[{file,"gen_server.erl"},{line,1197}]},{proc_lib,init_p_do_apply,3,[{file,"proc_lib.erl"},{line,240}]}]}
     Offender:   [{pid,<0.350.0>},{id,'Elixir.ChatRabbitmq.Worker'},{mfargs,{'Elixir.ChatRabbitmq.Worker',start_link,[nil]}},{restart_type,permanent},{significant,false},{shutdown,5000},{child_type,worker}]

2022-06-10 16:48:30 =ERROR REPORT====
** Generic server worker terminating 
** Last message in was {'$gen_cast',{break}}
** When Server state == nil
** Reason for termination ==
** {#{'__exception__' => true,'__struct__' => 'Elixir.RuntimeError',message => <<"Informe um valor válido!!">>},[{'Elixir.ChatRabbitmq.Worker',handle_cast,2,[{file,"lib/chat_rabbitmq/worker.ex"},{line,19},{error_info,#{module => 'Elixir.Exception'}}]},{gen_server,try_dispatch,4,[{file,"gen_server.erl"},{line,1120}]},{gen_server,handle_msg,6,[{file,"gen_server.erl"},{line,1197}]},{proc_lib,init_p_do_apply,3,[{file,"proc_lib.erl"},{line,240}]}]}
2022-06-10 16:48:30 =CRASH REPORT====
  crasher:
    initial call: Elixir.ChatRabbitmq.Worker:init/1
    pid: <0.304.0>
    registered_name: worker
    exception error: {#{'__exception__' => true,'__struct__' => 'Elixir.RuntimeError',message => <<"Informe um valor válido!!">>},[{'Elixir.ChatRabbitmq.Worker',handle_cast,2,[{file,"lib/chat_rabbitmq/worker.ex"},{line,19},{error_info,#{module => 'Elixir.Exception'}}]},{gen_server,try_dispatch,4,[{file,"gen_server.erl"},{line,1120}]},{gen_server,handle_msg,6,[{file,"gen_server.erl"},{line,1197}]},{proc_lib,init_p_do_apply,3,[{file,"proc_lib.erl"},{line,240}]}]}
    ancestors: ['Elixir.ChatRabbitmq.Supervisor',<0.302.0>]
    message_queue_len: 0
    messages: []
    links: [<0.303.0>]
    dictionary: []
    trap_exit: false
    status: running
    heap_size: 10958
    stack_size: 28
    reductions: 3242
  neighbours:
2022-06-10 16:48:30 =SUPERVISOR REPORT====
     Supervisor: {local,'Elixir.ChatRabbitmq.Supervisor'}
     Context:    child_terminated
     Reason:     {#{'__exception__' => true,'__struct__' => 'Elixir.RuntimeError',message => <<"Informe um valor válido!!">>},[{'Elixir.ChatRabbitmq.Worker',handle_cast,2,[{file,"lib/chat_rabbitmq/worker.ex"},{line,19},{error_info,#{module => 'Elixir.Exception'}}]},{gen_server,try_dispatch,4,[{file,"gen_server.erl"},{line,1120}]},{gen_server,handle_msg,6,[{file,"gen_server.erl"},{line,1197}]},{proc_lib,init_p_do_apply,3,[{file,"proc_lib.erl"},{line,240}]}]}
     Offender:   [{pid,<0.304.0>},{id,'Elixir.ChatRabbitmq.Worker'},{mfargs,{'Elixir.ChatRabbitmq.Worker',start_link,[nil]}},{restart_type,permanent},{significant,false},{shutdown,5000},{child_type,worker}]

2022-06-10 16:48:31 =ERROR REPORT====
** Generic server worker terminating 
** Last message in was {'$gen_cast',{break}}
** When Server state == nil
** Reason for termination ==
** {#{'__exception__' => true,'__struct__' => 'Elixir.RuntimeError',message => <<"Informe um valor válido!!">>},[{'Elixir.ChatRabbitmq.Worker',handle_cast,2,[{file,"lib/chat_rabbitmq/worker.ex"},{line,19},{error_info,#{module => 'Elixir.Exception'}}]},{gen_server,try_dispatch,4,[{file,"gen_server.erl"},{line,1120}]},{gen_server,handle_msg,6,[{file,"gen_server.erl"},{line,1197}]},{proc_lib,init_p_do_apply,3,[{file,"proc_lib.erl"},{line,240}]}]}
2022-06-10 16:48:31 =CRASH REPORT====
  crasher:
    initial call: Elixir.ChatRabbitmq.Worker:init/1
    pid: <0.322.0>
    registered_name: worker
    exception error: {#{'__exception__' => true,'__struct__' => 'Elixir.RuntimeError',message => <<"Informe um valor válido!!">>},[{'Elixir.ChatRabbitmq.Worker',handle_cast,2,[{file,"lib/chat_rabbitmq/worker.ex"},{line,19},{error_info,#{module => 'Elixir.Exception'}}]},{gen_server,try_dispatch,4,[{file,"gen_server.erl"},{line,1120}]},{gen_server,handle_msg,6,[{file,"gen_server.erl"},{line,1197}]},{proc_lib,init_p_do_apply,3,[{file,"proc_lib.erl"},{line,240}]}]}
    ancestors: ['Elixir.ChatRabbitmq.Supervisor',<0.302.0>]
    message_queue_len: 0
    messages: []
    links: [<0.303.0>]
    dictionary: []
    trap_exit: false
    status: running
    heap_size: 10958
    stack_size: 28
    reductions: 3174
  neighbours:
2022-06-10 16:48:31 =SUPERVISOR REPORT====
     Supervisor: {local,'Elixir.ChatRabbitmq.Supervisor'}
     Context:    child_terminated
     Reason:     {#{'__exception__' => true,'__struct__' => 'Elixir.RuntimeError',message => <<"Informe um valor válido!!">>},[{'Elixir.ChatRabbitmq.Worker',handle_cast,2,[{file,"lib/chat_rabbitmq/worker.ex"},{line,19},{error_info,#{module => 'Elixir.Exception'}}]},{gen_server,try_dispatch,4,[{file,"gen_server.erl"},{line,1120}]},{gen_server,handle_msg,6,[{file,"gen_server.erl"},{line,1197}]},{proc_lib,init_p_do_apply,3,[{file,"proc_lib.erl"},{line,240}]}]}
     Offender:   [{pid,<0.322.0>},{id,'Elixir.ChatRabbitmq.Worker'},{mfargs,{'Elixir.ChatRabbitmq.Worker',start_link,[nil]}},{restart_type,permanent},{significant,false},{shutdown,5000},{child_type,worker}]

2022-06-10 16:48:32 =ERROR REPORT====
** Generic server worker terminating 
** Last message in was {'$gen_cast',{break}}
** When Server state == nil
** Reason for termination ==
** {#{'__exception__' => true,'__struct__' => 'Elixir.RuntimeError',message => <<"Informe um valor válido!!">>},[{'Elixir.ChatRabbitmq.Worker',handle_cast,2,[{file,"lib/chat_rabbitmq/worker.ex"},{line,19},{error_info,#{module => 'Elixir.Exception'}}]},{gen_server,try_dispatch,4,[{file,"gen_server.erl"},{line,1120}]},{gen_server,handle_msg,6,[{file,"gen_server.erl"},{line,1197}]},{proc_lib,init_p_do_apply,3,[{file,"proc_lib.erl"},{line,240}]}]}
2022-06-10 16:48:32 =CRASH REPORT====
  crasher:
    initial call: Elixir.ChatRabbitmq.Worker:init/1
    pid: <0.336.0>
    registered_name: worker
    exception error: {#{'__exception__' => true,'__struct__' => 'Elixir.RuntimeError',message => <<"Informe um valor válido!!">>},[{'Elixir.ChatRabbitmq.Worker',handle_cast,2,[{file,"lib/chat_rabbitmq/worker.ex"},{line,19},{error_info,#{module => 'Elixir.Exception'}}]},{gen_server,try_dispatch,4,[{file,"gen_server.erl"},{line,1120}]},{gen_server,handle_msg,6,[{file,"gen_server.erl"},{line,1197}]},{proc_lib,init_p_do_apply,3,[{file,"proc_lib.erl"},{line,240}]}]}
    ancestors: ['Elixir.ChatRabbitmq.Supervisor',<0.302.0>]
    message_queue_len: 0
    messages: []
    links: [<0.303.0>]
    dictionary: []
    trap_exit: false
    status: running
    heap_size: 10958
    stack_size: 28
    reductions: 3174
  neighbours:
2022-06-10 16:48:32 =SUPERVISOR REPORT====
     Supervisor: {local,'Elixir.ChatRabbitmq.Supervisor'}
     Context:    child_terminated
     Reason:     {#{'__exception__' => true,'__struct__' => 'Elixir.RuntimeError',message => <<"Informe um valor válido!!">>},[{'Elixir.ChatRabbitmq.Worker',handle_cast,2,[{file,"lib/chat_rabbitmq/worker.ex"},{line,19},{error_info,#{module => 'Elixir.Exception'}}]},{gen_server,try_dispatch,4,[{file,"gen_server.erl"},{line,1120}]},{gen_server,handle_msg,6,[{file,"gen_server.erl"},{line,1197}]},{proc_lib,init_p_do_apply,3,[{file,"proc_lib.erl"},{line,240}]}]}
     Offender:   [{pid,<0.336.0>},{id,'Elixir.ChatRabbitmq.Worker'},{mfargs,{'Elixir.ChatRabbitmq.Worker',start_link,[nil]}},{restart_type,permanent},{significant,false},{shutdown,5000},{child_type,worker}]

2022-06-10 16:48:33 =ERROR REPORT====
** Generic server worker terminating 
** Last message in was {'$gen_cast',{break}}
** When Server state == nil
** Reason for termination ==
** {#{'__exception__' => true,'__struct__' => 'Elixir.RuntimeError',message => <<"Informe um valor válido!!">>},[{'Elixir.ChatRabbitmq.Worker',handle_cast,2,[{file,"lib/chat_rabbitmq/worker.ex"},{line,19},{error_info,#{module => 'Elixir.Exception'}}]},{gen_server,try_dispatch,4,[{file,"gen_server.erl"},{line,1120}]},{gen_server,handle_msg,6,[{file,"gen_server.erl"},{line,1197}]},{proc_lib,init_p_do_apply,3,[{file,"proc_lib.erl"},{line,240}]}]}
2022-06-10 16:48:33 =CRASH REPORT====
  crasher:
    initial call: Elixir.ChatRabbitmq.Worker:init/1
    pid: <0.350.0>
    registered_name: worker
    exception error: {#{'__exception__' => true,'__struct__' => 'Elixir.RuntimeError',message => <<"Informe um valor válido!!">>},[{'Elixir.ChatRabbitmq.Worker',handle_cast,2,[{file,"lib/chat_rabbitmq/worker.ex"},{line,19},{error_info,#{module => 'Elixir.Exception'}}]},{gen_server,try_dispatch,4,[{file,"gen_server.erl"},{line,1120}]},{gen_server,handle_msg,6,[{file,"gen_server.erl"},{line,1197}]},{proc_lib,init_p_do_apply,3,[{file,"proc_lib.erl"},{line,240}]}]}
    ancestors: ['Elixir.ChatRabbitmq.Supervisor',<0.302.0>]
    message_queue_len: 0
    messages: []
    links: [<0.303.0>]
    dictionary: []
    trap_exit: false
    status: running
    heap_size: 10958
    stack_size: 28
    reductions: 3174
  neighbours:
2022-06-10 16:48:33 =SUPERVISOR REPORT====
     Supervisor: {local,'Elixir.ChatRabbitmq.Supervisor'}
     Context:    child_terminated
     Reason:     {#{'__exception__' => true,'__struct__' => 'Elixir.RuntimeError',message => <<"Informe um valor válido!!">>},[{'Elixir.ChatRabbitmq.Worker',handle_cast,2,[{file,"lib/chat_rabbitmq/worker.ex"},{line,19},{error_info,#{module => 'Elixir.Exception'}}]},{gen_server,try_dispatch,4,[{file,"gen_server.erl"},{line,1120}]},{gen_server,handle_msg,6,[{file,"gen_server.erl"},{line,1197}]},{proc_lib,init_p_do_apply,3,[{file,"proc_lib.erl"},{line,240}]}]}
     Offender:   [{pid,<0.350.0>},{id,'Elixir.ChatRabbitmq.Worker'},{mfargs,{'Elixir.ChatRabbitmq.Worker',start_link,[nil]}},{restart_type,permanent},{significant,false},{shutdown,5000},{child_type,worker}]

2022-06-10 16:48:33 =SUPERVISOR REPORT====
     Supervisor: {local,'Elixir.ChatRabbitmq.Supervisor'}
     Context:    shutdown
     Reason:     reached_max_restart_intensity
     Offender:   [{pid,<0.350.0>},{id,'Elixir.ChatRabbitmq.Worker'},{mfargs,{'Elixir.ChatRabbitmq.Worker',start_link,[nil]}},{restart_type,permanent},{significant,false},{shutdown,5000},{child_type,worker}]

2022-06-10 16:49:18 =ERROR REPORT====
** Generic server worker terminating 
** Last message in was {'$gen_cast',{break}}
** When Server state == nil
** Reason for termination ==
** {#{'__exception__' => true,'__struct__' => 'Elixir.RuntimeError',message => <<"Informe um valor válido!!">>},[{'Elixir.ChatRabbitmq.Worker',handle_cast,2,[{file,"lib/chat_rabbitmq/worker.ex"},{line,19},{error_info,#{module => 'Elixir.Exception'}}]},{gen_server,try_dispatch,4,[{file,"gen_server.erl"},{line,1120}]},{gen_server,handle_msg,6,[{file,"gen_server.erl"},{line,1197}]},{proc_lib,init_p_do_apply,3,[{file,"proc_lib.erl"},{line,240}]}]}
2022-06-10 16:49:18 =CRASH REPORT====
  crasher:
    initial call: Elixir.ChatRabbitmq.Worker:init/1
    pid: <0.304.0>
    registered_name: worker
    exception error: {#{'__exception__' => true,'__struct__' => 'Elixir.RuntimeError',message => <<"Informe um valor válido!!">>},[{'Elixir.ChatRabbitmq.Worker',handle_cast,2,[{file,"lib/chat_rabbitmq/worker.ex"},{line,19},{error_info,#{module => 'Elixir.Exception'}}]},{gen_server,try_dispatch,4,[{file,"gen_server.erl"},{line,1120}]},{gen_server,handle_msg,6,[{file,"gen_server.erl"},{line,1197}]},{proc_lib,init_p_do_apply,3,[{file,"proc_lib.erl"},{line,240}]}]}
    ancestors: ['Elixir.ChatRabbitmq.Supervisor',<0.302.0>]
    message_queue_len: 0
    messages: []
    links: [<0.303.0>]
    dictionary: []
    trap_exit: false
    status: running
    heap_size: 10958
    stack_size: 28
    reductions: 3238
  neighbours:
2022-06-10 16:49:18 =SUPERVISOR REPORT====
     Supervisor: {local,'Elixir.ChatRabbitmq.Supervisor'}
     Context:    child_terminated
     Reason:     {#{'__exception__' => true,'__struct__' => 'Elixir.RuntimeError',message => <<"Informe um valor válido!!">>},[{'Elixir.ChatRabbitmq.Worker',handle_cast,2,[{file,"lib/chat_rabbitmq/worker.ex"},{line,19},{error_info,#{module => 'Elixir.Exception'}}]},{gen_server,try_dispatch,4,[{file,"gen_server.erl"},{line,1120}]},{gen_server,handle_msg,6,[{file,"gen_server.erl"},{line,1197}]},{proc_lib,init_p_do_apply,3,[{file,"proc_lib.erl"},{line,240}]}]}
     Offender:   [{pid,<0.304.0>},{id,'Elixir.ChatRabbitmq.Worker'},{mfargs,{'Elixir.ChatRabbitmq.Worker',start_link,[nil]}},{restart_type,permanent},{significant,false},{shutdown,5000},{child_type,worker}]

2022-06-10 16:49:18 =ERROR REPORT====
** Generic server worker terminating 
** Last message in was {'$gen_cast',{break}}
** When Server state == nil
** Reason for termination ==
** {#{'__exception__' => true,'__struct__' => 'Elixir.RuntimeError',message => <<"Informe um valor válido!!">>},[{'Elixir.ChatRabbitmq.Worker',handle_cast,2,[{file,"lib/chat_rabbitmq/worker.ex"},{line,19},{error_info,#{module => 'Elixir.Exception'}}]},{gen_server,try_dispatch,4,[{file,"gen_server.erl"},{line,1120}]},{gen_server,handle_msg,6,[{file,"gen_server.erl"},{line,1197}]},{proc_lib,init_p_do_apply,3,[{file,"proc_lib.erl"},{line,240}]}]}
2022-06-10 16:49:18 =CRASH REPORT====
  crasher:
    initial call: Elixir.ChatRabbitmq.Worker:init/1
    pid: <0.322.0>
    registered_name: worker
    exception error: {#{'__exception__' => true,'__struct__' => 'Elixir.RuntimeError',message => <<"Informe um valor válido!!">>},[{'Elixir.ChatRabbitmq.Worker',handle_cast,2,[{file,"lib/chat_rabbitmq/worker.ex"},{line,19},{error_info,#{module => 'Elixir.Exception'}}]},{gen_server,try_dispatch,4,[{file,"gen_server.erl"},{line,1120}]},{gen_server,handle_msg,6,[{file,"gen_server.erl"},{line,1197}]},{proc_lib,init_p_do_apply,3,[{file,"proc_lib.erl"},{line,240}]}]}
    ancestors: ['Elixir.ChatRabbitmq.Supervisor',<0.302.0>]
    message_queue_len: 0
    messages: []
    links: [<0.303.0>]
    dictionary: []
    trap_exit: false
    status: running
    heap_size: 10958
    stack_size: 28
    reductions: 3156
  neighbours:
2022-06-10 16:49:18 =SUPERVISOR REPORT====
     Supervisor: {local,'Elixir.ChatRabbitmq.Supervisor'}
     Context:    child_terminated
     Reason:     {#{'__exception__' => true,'__struct__' => 'Elixir.RuntimeError',message => <<"Informe um valor válido!!">>},[{'Elixir.ChatRabbitmq.Worker',handle_cast,2,[{file,"lib/chat_rabbitmq/worker.ex"},{line,19},{error_info,#{module => 'Elixir.Exception'}}]},{gen_server,try_dispatch,4,[{file,"gen_server.erl"},{line,1120}]},{gen_server,handle_msg,6,[{file,"gen_server.erl"},{line,1197}]},{proc_lib,init_p_do_apply,3,[{file,"proc_lib.erl"},{line,240}]}]}
     Offender:   [{pid,<0.322.0>},{id,'Elixir.ChatRabbitmq.Worker'},{mfargs,{'Elixir.ChatRabbitmq.Worker',start_link,[nil]}},{restart_type,permanent},{significant,false},{shutdown,5000},{child_type,worker}]

2022-06-10 16:49:19 =ERROR REPORT====
** Generic server worker terminating 
** Last message in was {'$gen_cast',{break}}
** When Server state == nil
** Reason for termination ==
** {#{'__exception__' => true,'__struct__' => 'Elixir.RuntimeError',message => <<"Informe um valor válido!!">>},[{'Elixir.ChatRabbitmq.Worker',handle_cast,2,[{file,"lib/chat_rabbitmq/worker.ex"},{line,19},{error_info,#{module => 'Elixir.Exception'}}]},{gen_server,try_dispatch,4,[{file,"gen_server.erl"},{line,1120}]},{gen_server,handle_msg,6,[{file,"gen_server.erl"},{line,1197}]},{proc_lib,init_p_do_apply,3,[{file,"proc_lib.erl"},{line,240}]}]}
2022-06-10 16:49:19 =CRASH REPORT====
  crasher:
    initial call: Elixir.ChatRabbitmq.Worker:init/1
    pid: <0.336.0>
    registered_name: worker
    exception error: {#{'__exception__' => true,'__struct__' => 'Elixir.RuntimeError',message => <<"Informe um valor válido!!">>},[{'Elixir.ChatRabbitmq.Worker',handle_cast,2,[{file,"lib/chat_rabbitmq/worker.ex"},{line,19},{error_info,#{module => 'Elixir.Exception'}}]},{gen_server,try_dispatch,4,[{file,"gen_server.erl"},{line,1120}]},{gen_server,handle_msg,6,[{file,"gen_server.erl"},{line,1197}]},{proc_lib,init_p_do_apply,3,[{file,"proc_lib.erl"},{line,240}]}]}
    ancestors: ['Elixir.ChatRabbitmq.Supervisor',<0.302.0>]
    message_queue_len: 0
    messages: []
    links: [<0.303.0>]
    dictionary: []
    trap_exit: false
    status: running
    heap_size: 10958
    stack_size: 28
    reductions: 3156
  neighbours:
2022-06-10 16:49:19 =SUPERVISOR REPORT====
     Supervisor: {local,'Elixir.ChatRabbitmq.Supervisor'}
     Context:    child_terminated
     Reason:     {#{'__exception__' => true,'__struct__' => 'Elixir.RuntimeError',message => <<"Informe um valor válido!!">>},[{'Elixir.ChatRabbitmq.Worker',handle_cast,2,[{file,"lib/chat_rabbitmq/worker.ex"},{line,19},{error_info,#{module => 'Elixir.Exception'}}]},{gen_server,try_dispatch,4,[{file,"gen_server.erl"},{line,1120}]},{gen_server,handle_msg,6,[{file,"gen_server.erl"},{line,1197}]},{proc_lib,init_p_do_apply,3,[{file,"proc_lib.erl"},{line,240}]}]}
     Offender:   [{pid,<0.336.0>},{id,'Elixir.ChatRabbitmq.Worker'},{mfargs,{'Elixir.ChatRabbitmq.Worker',start_link,[nil]}},{restart_type,permanent},{significant,false},{shutdown,5000},{child_type,worker}]

2022-06-10 16:49:19 =ERROR REPORT====
** Generic server worker terminating 
** Last message in was {'$gen_cast',{break}}
** When Server state == nil
** Reason for termination ==
** {#{'__exception__' => true,'__struct__' => 'Elixir.RuntimeError',message => <<"Informe um valor válido!!">>},[{'Elixir.ChatRabbitmq.Worker',handle_cast,2,[{file,"lib/chat_rabbitmq/worker.ex"},{line,19},{error_info,#{module => 'Elixir.Exception'}}]},{gen_server,try_dispatch,4,[{file,"gen_server.erl"},{line,1120}]},{gen_server,handle_msg,6,[{file,"gen_server.erl"},{line,1197}]},{proc_lib,init_p_do_apply,3,[{file,"proc_lib.erl"},{line,240}]}]}
2022-06-10 16:49:19 =CRASH REPORT====
  crasher:
    initial call: Elixir.ChatRabbitmq.Worker:init/1
    pid: <0.350.0>
    registered_name: worker
    exception error: {#{'__exception__' => true,'__struct__' => 'Elixir.RuntimeError',message => <<"Informe um valor válido!!">>},[{'Elixir.ChatRabbitmq.Worker',handle_cast,2,[{file,"lib/chat_rabbitmq/worker.ex"},{line,19},{error_info,#{module => 'Elixir.Exception'}}]},{gen_server,try_dispatch,4,[{file,"gen_server.erl"},{line,1120}]},{gen_server,handle_msg,6,[{file,"gen_server.erl"},{line,1197}]},{proc_lib,init_p_do_apply,3,[{file,"proc_lib.erl"},{line,240}]}]}
    ancestors: ['Elixir.ChatRabbitmq.Supervisor',<0.302.0>]
    message_queue_len: 0
    messages: []
    links: [<0.303.0>]
    dictionary: []
    trap_exit: false
    status: running
    heap_size: 10958
    stack_size: 28
    reductions: 3156
  neighbours:
2022-06-10 16:49:19 =SUPERVISOR REPORT====
     Supervisor: {local,'Elixir.ChatRabbitmq.Supervisor'}
     Context:    child_terminated
     Reason:     {#{'__exception__' => true,'__struct__' => 'Elixir.RuntimeError',message => <<"Informe um valor válido!!">>},[{'Elixir.ChatRabbitmq.Worker',handle_cast,2,[{file,"lib/chat_rabbitmq/worker.ex"},{line,19},{error_info,#{module => 'Elixir.Exception'}}]},{gen_server,try_dispatch,4,[{file,"gen_server.erl"},{line,1120}]},{gen_server,handle_msg,6,[{file,"gen_server.erl"},{line,1197}]},{proc_lib,init_p_do_apply,3,[{file,"proc_lib.erl"},{line,240}]}]}
     Offender:   [{pid,<0.350.0>},{id,'Elixir.ChatRabbitmq.Worker'},{mfargs,{'Elixir.ChatRabbitmq.Worker',start_link,[nil]}},{restart_type,permanent},{significant,false},{shutdown,5000},{child_type,worker}]

2022-06-10 16:49:19 =SUPERVISOR REPORT====
     Supervisor: {local,'Elixir.ChatRabbitmq.Supervisor'}
     Context:    shutdown
     Reason:     reached_max_restart_intensity
     Offender:   [{pid,<0.350.0>},{id,'Elixir.ChatRabbitmq.Worker'},{mfargs,{'Elixir.ChatRabbitmq.Worker',start_link,[nil]}},{restart_type,permanent},{significant,false},{shutdown,5000},{child_type,worker}]

2022-06-13 14:50:27 =CRASH REPORT====
  crasher:
    initial call: application_master:init/4
    pid: <0.306.0>
    registered_name: []
    exception exit: {{bad_return,{{'Elixir.ChatRabbitmq.Application',start,[normal,[]]},{'EXIT',{#{'__exception__' => true,'__struct__' => 'Elixir.ArgumentError',message => <<"The module ChatRabbitmq.WorkerReceiveMessage was given as a child to a supervisor but it does not exist.">>},[{'Elixir.Supervisor',init_child,1,[{file,"lib/supervisor.ex"},{line,631}]},{'Elixir.Enum','-map/2-lists^map/1-0-',2,[{file,"lib/enum.ex"},{line,1593}]},{'Elixir.Enum','-map/2-lists^map/1-0-',2,[{file,"lib/enum.ex"},{line,1593}]},{'Elixir.Supervisor',init,2,[{file,"lib/supervisor.ex"},{line,617}]},{'Elixir.Supervisor',start_link,2,[{file,"lib/supervisor.ex"},{line,556}]},{application_master,start_it_old,4,[{file,"application_master.erl"},{line,293}]}]}}}},[{application_master,init,4,[{file,"application_master.erl"},{line,142}]},{proc_lib,init_p_do_apply,3,[{file,"proc_lib.erl"},{line,240}]}]}
    ancestors: [<0.305.0>]
    message_queue_len: 1
    messages: [{'EXIT',<0.307.0>,normal}]
    links: [<0.305.0>,<0.44.0>]
    dictionary: []
    trap_exit: true
    status: running
    heap_size: 376
    stack_size: 28
    reductions: 174
  neighbours:
2022-06-13 14:50:46 =SUPERVISOR REPORT====
     Supervisor: {local,'Elixir.ChatRabbitmq.Supervisor'}
     Context:    start_error
     Reason:     {already_started,<0.311.0>}
     Offender:   [{pid,undefined},{id,'Elixir.ChatRabbitmq.WorkerReceiveMessage'},{mfargs,{'Elixir.ChatRabbitmq.WorkerReceiveMessage',start_link,[nil]}},{restart_type,permanent},{significant,false},{shutdown,5000},{child_type,worker}]

2022-06-13 14:50:46 =CRASH REPORT====
  crasher:
    initial call: application_master:init/4
    pid: <0.308.0>
    registered_name: []
    exception exit: {{{shutdown,{failed_to_start_child,'Elixir.ChatRabbitmq.WorkerReceiveMessage',{already_started,<0.311.0>}}},{'Elixir.ChatRabbitmq.Application',start,[normal,[]]}},[{application_master,init,4,[{file,"application_master.erl"},{line,142}]},{proc_lib,init_p_do_apply,3,[{file,"proc_lib.erl"},{line,240}]}]}
    ancestors: [<0.307.0>]
    message_queue_len: 1
    messages: [{'EXIT',<0.309.0>,normal}]
    links: [<0.307.0>,<0.44.0>]
    dictionary: []
    trap_exit: true
    status: running
    heap_size: 376
    stack_size: 28
    reductions: 193
  neighbours:
2022-06-13 14:51:08 =SUPERVISOR REPORT====
     Supervisor: {local,'Elixir.ChatRabbitmq.Supervisor'}
     Context:    start_error
     Reason:     {already_started,<0.304.0>}
     Offender:   [{pid,undefined},{id,'Elixir.ChatRabbitmq.WorkerReceiveMessage'},{mfargs,{'Elixir.ChatRabbitmq.WorkerReceiveMessage',start_link,[nil]}},{restart_type,permanent},{significant,false},{shutdown,5000},{child_type,worker}]

2022-06-13 14:51:08 =CRASH REPORT====
  crasher:
    initial call: application_master:init/4
    pid: <0.301.0>
    registered_name: []
    exception exit: {{{shutdown,{failed_to_start_child,'Elixir.ChatRabbitmq.WorkerReceiveMessage',{already_started,<0.304.0>}}},{'Elixir.ChatRabbitmq.Application',start,[normal,[]]}},[{application_master,init,4,[{file,"application_master.erl"},{line,142}]},{proc_lib,init_p_do_apply,3,[{file,"proc_lib.erl"},{line,240}]}]}
    ancestors: [<0.300.0>]
    message_queue_len: 1
    messages: [{'EXIT',<0.302.0>,normal}]
    links: [<0.300.0>,<0.44.0>]
    dictionary: []
    trap_exit: true
    status: running
    heap_size: 376
    stack_size: 28
    reductions: 193
  neighbours:
2022-06-13 14:53:08 =SUPERVISOR REPORT====
     Supervisor: {local,'Elixir.ChatRabbitmq.Supervisor'}
     Context:    start_error
     Reason:     {already_started,<0.303.0>}
     Offender:   [{pid,undefined},{id,'Elixir.ChatRabbitmq.WorkerReceiveMessage'},{mfargs,{'Elixir.ChatRabbitmq.WorkerReceiveMessage',start_link,[nil]}},{restart_type,permanent},{significant,false},{shutdown,5000},{child_type,worker}]

2022-06-13 14:53:08 =CRASH REPORT====
  crasher:
    initial call: application_master:init/4
    pid: <0.300.0>
    registered_name: []
    exception exit: {{{shutdown,{failed_to_start_child,'Elixir.ChatRabbitmq.WorkerReceiveMessage',{already_started,<0.303.0>}}},{'Elixir.ChatRabbitmq.Application',start,[normal,[]]}},[{application_master,init,4,[{file,"application_master.erl"},{line,142}]},{proc_lib,init_p_do_apply,3,[{file,"proc_lib.erl"},{line,240}]}]}
    ancestors: [<0.299.0>]
    message_queue_len: 1
    messages: [{'EXIT',<0.301.0>,normal}]
    links: [<0.299.0>,<0.44.0>]
    dictionary: []
    trap_exit: true
    status: running
    heap_size: 376
    stack_size: 28
    reductions: 193
  neighbours:
2022-06-13 15:15:28 =ERROR REPORT====
** Generic server worker terminating 
** Last message in was {'$gen_cast',{break}}
** When Server state == nil
** Reason for termination ==
** {#{'__exception__' => true,'__struct__' => 'Elixir.RuntimeError',message => <<"Informe um valor válido!!">>},[{'Elixir.ChatRabbitmq.WorkerSendMessage',handle_cast,2,[{file,"lib/chat_rabbitmq/worker_send_message.ex"},{line,19},{error_info,#{module => 'Elixir.Exception'}}]},{gen_server,try_dispatch,4,[{file,"gen_server.erl"},{line,1120}]},{gen_server,handle_msg,6,[{file,"gen_server.erl"},{line,1197}]},{proc_lib,init_p_do_apply,3,[{file,"proc_lib.erl"},{line,240}]}]}
2022-06-13 15:15:29 =CRASH REPORT====
  crasher:
    initial call: Elixir.ChatRabbitmq.WorkerSendMessage:init/1
    pid: <0.304.0>
    registered_name: worker
    exception error: {#{'__exception__' => true,'__struct__' => 'Elixir.RuntimeError',message => <<"Informe um valor válido!!">>},[{'Elixir.ChatRabbitmq.WorkerSendMessage',handle_cast,2,[{file,"lib/chat_rabbitmq/worker_send_message.ex"},{line,19},{error_info,#{module => 'Elixir.Exception'}}]},{gen_server,try_dispatch,4,[{file,"gen_server.erl"},{line,1120}]},{gen_server,handle_msg,6,[{file,"gen_server.erl"},{line,1197}]},{proc_lib,init_p_do_apply,3,[{file,"proc_lib.erl"},{line,240}]}]}
    ancestors: ['Elixir.ChatRabbitmq.Supervisor',<0.302.0>]
    message_queue_len: 0
    messages: []
    links: [<0.303.0>]
    dictionary: []
    trap_exit: false
    status: running
    heap_size: 10958
    stack_size: 28
    reductions: 3227
  neighbours:
2022-06-13 15:15:29 =SUPERVISOR REPORT====
     Supervisor: {local,'Elixir.ChatRabbitmq.Supervisor'}
     Context:    child_terminated
     Reason:     {#{'__exception__' => true,'__struct__' => 'Elixir.RuntimeError',message => <<"Informe um valor válido!!">>},[{'Elixir.ChatRabbitmq.WorkerSendMessage',handle_cast,2,[{file,"lib/chat_rabbitmq/worker_send_message.ex"},{line,19},{error_info,#{module => 'Elixir.Exception'}}]},{gen_server,try_dispatch,4,[{file,"gen_server.erl"},{line,1120}]},{gen_server,handle_msg,6,[{file,"gen_server.erl"},{line,1197}]},{proc_lib,init_p_do_apply,3,[{file,"proc_lib.erl"},{line,240}]}]}
     Offender:   [{pid,<0.304.0>},{id,'Elixir.ChatRabbitmq.WorkerSendMessage'},{mfargs,{'Elixir.ChatRabbitmq.WorkerSendMessage',start_link,[nil]}},{restart_type,permanent},{significant,false},{shutdown,5000},{child_type,worker}]

2022-06-13 15:15:38 =ERROR REPORT====
** Generic server worker terminating 
** Last message in was {'$gen_cast',{break}}
** When Server state == nil
** Reason for termination ==
** {#{'__exception__' => true,'__struct__' => 'Elixir.RuntimeError',message => <<"Informe um valor válido!!">>},[{'Elixir.ChatRabbitmq.WorkerSendMessage',handle_cast,2,[{file,"lib/chat_rabbitmq/worker_send_message.ex"},{line,19},{error_info,#{module => 'Elixir.Exception'}}]},{gen_server,try_dispatch,4,[{file,"gen_server.erl"},{line,1120}]},{gen_server,handle_msg,6,[{file,"gen_server.erl"},{line,1197}]},{proc_lib,init_p_do_apply,3,[{file,"proc_lib.erl"},{line,240}]}]}
2022-06-13 15:15:38 =CRASH REPORT====
  crasher:
    initial call: Elixir.ChatRabbitmq.WorkerSendMessage:init/1
    pid: <0.330.0>
    registered_name: worker
    exception error: {#{'__exception__' => true,'__struct__' => 'Elixir.RuntimeError',message => <<"Informe um valor válido!!">>},[{'Elixir.ChatRabbitmq.WorkerSendMessage',handle_cast,2,[{file,"lib/chat_rabbitmq/worker_send_message.ex"},{line,19},{error_info,#{module => 'Elixir.Exception'}}]},{gen_server,try_dispatch,4,[{file,"gen_server.erl"},{line,1120}]},{gen_server,handle_msg,6,[{file,"gen_server.erl"},{line,1197}]},{proc_lib,init_p_do_apply,3,[{file,"proc_lib.erl"},{line,240}]}]}
    ancestors: ['Elixir.ChatRabbitmq.Supervisor',<0.302.0>]
    message_queue_len: 0
    messages: []
    links: [<0.303.0>]
    dictionary: []
    trap_exit: false
    status: running
    heap_size: 10958
    stack_size: 28
    reductions: 3145
  neighbours:
2022-06-13 15:15:38 =SUPERVISOR REPORT====
     Supervisor: {local,'Elixir.ChatRabbitmq.Supervisor'}
     Context:    child_terminated
     Reason:     {#{'__exception__' => true,'__struct__' => 'Elixir.RuntimeError',message => <<"Informe um valor válido!!">>},[{'Elixir.ChatRabbitmq.WorkerSendMessage',handle_cast,2,[{file,"lib/chat_rabbitmq/worker_send_message.ex"},{line,19},{error_info,#{module => 'Elixir.Exception'}}]},{gen_server,try_dispatch,4,[{file,"gen_server.erl"},{line,1120}]},{gen_server,handle_msg,6,[{file,"gen_server.erl"},{line,1197}]},{proc_lib,init_p_do_apply,3,[{file,"proc_lib.erl"},{line,240}]}]}
     Offender:   [{pid,<0.330.0>},{id,'Elixir.ChatRabbitmq.WorkerSendMessage'},{mfargs,{'Elixir.ChatRabbitmq.WorkerSendMessage',start_link,[nil]}},{restart_type,permanent},{significant,false},{shutdown,5000},{child_type,worker}]

2022-06-13 15:15:39 =ERROR REPORT====
** Generic server worker terminating 
** Last message in was {'$gen_cast',{break}}
** When Server state == nil
** Reason for termination ==
** {#{'__exception__' => true,'__struct__' => 'Elixir.RuntimeError',message => <<"Informe um valor válido!!">>},[{'Elixir.ChatRabbitmq.WorkerSendMessage',handle_cast,2,[{file,"lib/chat_rabbitmq/worker_send_message.ex"},{line,19},{error_info,#{module => 'Elixir.Exception'}}]},{gen_server,try_dispatch,4,[{file,"gen_server.erl"},{line,1120}]},{gen_server,handle_msg,6,[{file,"gen_server.erl"},{line,1197}]},{proc_lib,init_p_do_apply,3,[{file,"proc_lib.erl"},{line,240}]}]}
2022-06-13 15:15:39 =CRASH REPORT====
  crasher:
    initial call: Elixir.ChatRabbitmq.WorkerSendMessage:init/1
    pid: <0.337.0>
    registered_name: worker
    exception error: {#{'__exception__' => true,'__struct__' => 'Elixir.RuntimeError',message => <<"Informe um valor válido!!">>},[{'Elixir.ChatRabbitmq.WorkerSendMessage',handle_cast,2,[{file,"lib/chat_rabbitmq/worker_send_message.ex"},{line,19},{error_info,#{module => 'Elixir.Exception'}}]},{gen_server,try_dispatch,4,[{file,"gen_server.erl"},{line,1120}]},{gen_server,handle_msg,6,[{file,"gen_server.erl"},{line,1197}]},{proc_lib,init_p_do_apply,3,[{file,"proc_lib.erl"},{line,240}]}]}
    ancestors: ['Elixir.ChatRabbitmq.Supervisor',<0.302.0>]
    message_queue_len: 0
    messages: []
    links: [<0.303.0>]
    dictionary: []
    trap_exit: false
    status: running
    heap_size: 10958
    stack_size: 28
    reductions: 3145
  neighbours:
2022-06-13 15:15:39 =SUPERVISOR REPORT====
     Supervisor: {local,'Elixir.ChatRabbitmq.Supervisor'}
     Context:    child_terminated
     Reason:     {#{'__exception__' => true,'__struct__' => 'Elixir.RuntimeError',message => <<"Informe um valor válido!!">>},[{'Elixir.ChatRabbitmq.WorkerSendMessage',handle_cast,2,[{file,"lib/chat_rabbitmq/worker_send_message.ex"},{line,19},{error_info,#{module => 'Elixir.Exception'}}]},{gen_server,try_dispatch,4,[{file,"gen_server.erl"},{line,1120}]},{gen_server,handle_msg,6,[{file,"gen_server.erl"},{line,1197}]},{proc_lib,init_p_do_apply,3,[{file,"proc_lib.erl"},{line,240}]}]}
     Offender:   [{pid,<0.337.0>},{id,'Elixir.ChatRabbitmq.WorkerSendMessage'},{mfargs,{'Elixir.ChatRabbitmq.WorkerSendMessage',start_link,[nil]}},{restart_type,permanent},{significant,false},{shutdown,5000},{child_type,worker}]

2022-06-13 15:15:39 =ERROR REPORT====
** Generic server worker terminating 
** Last message in was {'$gen_cast',{break}}
** When Server state == nil
** Reason for termination ==
** {#{'__exception__' => true,'__struct__' => 'Elixir.RuntimeError',message => <<"Informe um valor válido!!">>},[{'Elixir.ChatRabbitmq.WorkerSendMessage',handle_cast,2,[{file,"lib/chat_rabbitmq/worker_send_message.ex"},{line,19},{error_info,#{module => 'Elixir.Exception'}}]},{gen_server,try_dispatch,4,[{file,"gen_server.erl"},{line,1120}]},{gen_server,handle_msg,6,[{file,"gen_server.erl"},{line,1197}]},{proc_lib,init_p_do_apply,3,[{file,"proc_lib.erl"},{line,240}]}]}
2022-06-13 15:15:39 =CRASH REPORT====
  crasher:
    initial call: Elixir.ChatRabbitmq.WorkerSendMessage:init/1
    pid: <0.356.0>
    registered_name: worker
    exception error: {#{'__exception__' => true,'__struct__' => 'Elixir.RuntimeError',message => <<"Informe um valor válido!!">>},[{'Elixir.ChatRabbitmq.WorkerSendMessage',handle_cast,2,[{file,"lib/chat_rabbitmq/worker_send_message.ex"},{line,19},{error_info,#{module => 'Elixir.Exception'}}]},{gen_server,try_dispatch,4,[{file,"gen_server.erl"},{line,1120}]},{gen_server,handle_msg,6,[{file,"gen_server.erl"},{line,1197}]},{proc_lib,init_p_do_apply,3,[{file,"proc_lib.erl"},{line,240}]}]}
    ancestors: ['Elixir.ChatRabbitmq.Supervisor',<0.302.0>]
    message_queue_len: 0
    messages: []
    links: [<0.303.0>]
    dictionary: []
    trap_exit: false
    status: running
    heap_size: 10958
    stack_size: 28
    reductions: 3145
  neighbours:
2022-06-13 15:15:39 =SUPERVISOR REPORT====
     Supervisor: {local,'Elixir.ChatRabbitmq.Supervisor'}
     Context:    child_terminated
     Reason:     {#{'__exception__' => true,'__struct__' => 'Elixir.RuntimeError',message => <<"Informe um valor válido!!">>},[{'Elixir.ChatRabbitmq.WorkerSendMessage',handle_cast,2,[{file,"lib/chat_rabbitmq/worker_send_message.ex"},{line,19},{error_info,#{module => 'Elixir.Exception'}}]},{gen_server,try_dispatch,4,[{file,"gen_server.erl"},{line,1120}]},{gen_server,handle_msg,6,[{file,"gen_server.erl"},{line,1197}]},{proc_lib,init_p_do_apply,3,[{file,"proc_lib.erl"},{line,240}]}]}
     Offender:   [{pid,<0.356.0>},{id,'Elixir.ChatRabbitmq.WorkerSendMessage'},{mfargs,{'Elixir.ChatRabbitmq.WorkerSendMessage',start_link,[nil]}},{restart_type,permanent},{significant,false},{shutdown,5000},{child_type,worker}]

2022-06-13 15:15:40 =ERROR REPORT====
** Generic server worker terminating 
** Last message in was {'$gen_cast',{break}}
** When Server state == nil
** Reason for termination ==
** {#{'__exception__' => true,'__struct__' => 'Elixir.RuntimeError',message => <<"Informe um valor válido!!">>},[{'Elixir.ChatRabbitmq.WorkerSendMessage',handle_cast,2,[{file,"lib/chat_rabbitmq/worker_send_message.ex"},{line,19},{error_info,#{module => 'Elixir.Exception'}}]},{gen_server,try_dispatch,4,[{file,"gen_server.erl"},{line,1120}]},{gen_server,handle_msg,6,[{file,"gen_server.erl"},{line,1197}]},{proc_lib,init_p_do_apply,3,[{file,"proc_lib.erl"},{line,240}]}]}
2022-06-13 15:15:40 =CRASH REPORT====
  crasher:
    initial call: Elixir.ChatRabbitmq.WorkerSendMessage:init/1
    pid: <0.365.0>
    registered_name: worker
    exception error: {#{'__exception__' => true,'__struct__' => 'Elixir.RuntimeError',message => <<"Informe um valor válido!!">>},[{'Elixir.ChatRabbitmq.WorkerSendMessage',handle_cast,2,[{file,"lib/chat_rabbitmq/worker_send_message.ex"},{line,19},{error_info,#{module => 'Elixir.Exception'}}]},{gen_server,try_dispatch,4,[{file,"gen_server.erl"},{line,1120}]},{gen_server,handle_msg,6,[{file,"gen_server.erl"},{line,1197}]},{proc_lib,init_p_do_apply,3,[{file,"proc_lib.erl"},{line,240}]}]}
    ancestors: ['Elixir.ChatRabbitmq.Supervisor',<0.302.0>]
    message_queue_len: 0
    messages: []
    links: [<0.303.0>]
    dictionary: []
    trap_exit: false
    status: running
    heap_size: 10958
    stack_size: 28
    reductions: 3145
  neighbours:
2022-06-13 15:15:40 =SUPERVISOR REPORT====
     Supervisor: {local,'Elixir.ChatRabbitmq.Supervisor'}
     Context:    child_terminated
     Reason:     {#{'__exception__' => true,'__struct__' => 'Elixir.RuntimeError',message => <<"Informe um valor válido!!">>},[{'Elixir.ChatRabbitmq.WorkerSendMessage',handle_cast,2,[{file,"lib/chat_rabbitmq/worker_send_message.ex"},{line,19},{error_info,#{module => 'Elixir.Exception'}}]},{gen_server,try_dispatch,4,[{file,"gen_server.erl"},{line,1120}]},{gen_server,handle_msg,6,[{file,"gen_server.erl"},{line,1197}]},{proc_lib,init_p_do_apply,3,[{file,"proc_lib.erl"},{line,240}]}]}
     Offender:   [{pid,<0.365.0>},{id,'Elixir.ChatRabbitmq.WorkerSendMessage'},{mfargs,{'Elixir.ChatRabbitmq.WorkerSendMessage',start_link,[nil]}},{restart_type,permanent},{significant,false},{shutdown,5000},{child_type,worker}]

2022-06-13 15:15:40 =SUPERVISOR REPORT====
     Supervisor: {local,'Elixir.ChatRabbitmq.Supervisor'}
     Context:    shutdown
     Reason:     reached_max_restart_intensity
     Offender:   [{pid,<0.365.0>},{id,'Elixir.ChatRabbitmq.WorkerSendMessage'},{mfargs,{'Elixir.ChatRabbitmq.WorkerSendMessage',start_link,[nil]}},{restart_type,permanent},{significant,false},{shutdown,5000},{child_type,worker}]

2022-06-13 15:23:13 =SUPERVISOR REPORT====
     Supervisor: {local,'Elixir.ChatRabbitmq.Supervisor'}
     Context:    start_error
     Reason:     {undef,[{'Elixir.IO',inspect,[],[]},{'Elixir.ChatRabbitmq.WorkerReceiveMessage',init,1,[{file,"lib/chat_rabbitmq/worker_receive_message.ex"},{line,5}]},{gen_server,init_it,2,[{file,"gen_server.erl"},{line,848}]},{gen_server,init_it,6,[{file,"gen_server.erl"},{line,811}]},{proc_lib,init_p_do_apply,3,[{file,"proc_lib.erl"},{line,240}]}]}
     Offender:   [{pid,undefined},{id,'Elixir.ChatRabbitmq.WorkerReceiveMessage'},{mfargs,{'Elixir.ChatRabbitmq.WorkerReceiveMessage',start_link,[nil]}},{restart_type,permanent},{significant,false},{shutdown,5000},{child_type,worker}]

2022-06-13 15:23:13 =CRASH REPORT====
  crasher:
    initial call: application_master:init/4
    pid: <0.307.0>
    registered_name: []
    exception exit: {{{shutdown,{failed_to_start_child,'Elixir.ChatRabbitmq.WorkerReceiveMessage',{undef,[{'Elixir.IO',inspect,[],[]},{'Elixir.ChatRabbitmq.WorkerReceiveMessage',init,1,[{file,"lib/chat_rabbitmq/worker_receive_message.ex"},{line,5}]},{gen_server,init_it,2,[{file,"gen_server.erl"},{line,848}]},{gen_server,init_it,6,[{file,"gen_server.erl"},{line,811}]},{proc_lib,init_p_do_apply,3,[{file,"proc_lib.erl"},{line,240}]}]}}},{'Elixir.ChatRabbitmq.Application',start,[normal,[]]}},[{application_master,init,4,[{file,"application_master.erl"},{line,142}]},{proc_lib,init_p_do_apply,3,[{file,"proc_lib.erl"},{line,240}]}]}
    ancestors: [<0.306.0>]
    message_queue_len: 1
    messages: [{'EXIT',<0.308.0>,normal}]
    links: [<0.306.0>,<0.44.0>]
    dictionary: []
    trap_exit: true
    status: running
    heap_size: 376
    stack_size: 28
    reductions: 186
  neighbours:
